CompileCommand: exclude com/intellij/openapi/vfs/impl/FilePartNodeRoot.trieDescend bool exclude = true
Debug | ByteBufferAsyncProcessor  | 18:DefaultDispatcher-worker-7 | PAUSE ('Socket not connected') :: {id = EarlyStartServerWire/Sender, state = 'Initialized'} 
Debug | Server                    | 96:EarlyStartServerWire | EarlyStartServerWire: listening /127.0.0.1:39543 
Installation home directory: file:////opt/JetBrainsRider
System directory: file:////home/vugar/.cache/JetBrains/Rider2024.1
Config directory: file:////home/vugar/.config/JetBrains/Rider2024.1
Log directory: file:////home/vugar/.cache/JetBrains/Rider2024.1/log
2024-04-19 13:42:56,457 [   1324]   WARN - #c.i.s.ComponentManagerImpl - com.jetbrains.rider.diagnostics.LogTraceScenarios <clinit> requests com.jetbrains.rd.platform.diagnostics.LogTraceScenariosRegistry instance. Class initialization must not depend on services. Consider using instance of the service on-demand instead.
2024-04-19 13:42:56,571 [   1438]   WARN - #c.i.n.i.NotificationGroupManagerImpl - Notification group BackendProfiling is already registered (group=com.intellij.notification.NotificationGroup@f4fed4a). Plugin descriptor: PluginDescriptor(name=Dynamic Program Analysis, id=com.jetbrains.dpa, descriptorPath=plugin.xml, path=/opt/JetBrainsRider/plugins/dpa, version=241.14494.325, package=null, isBundled=true)
2024-04-19 13:43:00,146 [   5013]   WARN - #c.j.r.e.RiderTextControlHost - file null doesn't exist
2024-04-19 13:43:00,517 [   5384]   WARN - #c.i.s.ComponentManagerImpl - com.jetbrains.rdclient.notifications.NotificationsHost <clinit> requests com.intellij.ide.plugins.PluginUtil instance. Class initialization must not depend on services. Consider using instance of the service on-demand instead.
2024-04-19 13:43:00,969 [   5836]   WARN - #c.i.o.v.i.l.NativeFileWatcherImpl - Watcher terminated with exit code 130
2024-04-19 13:43:01,003 [   5870] SEVERE - #c.j.r.p.ReSharperProcess - IdeaLoggingEvent[message=Rider host (PID = 11499) has unexpectedly exited with exit code 130., throwable=java.lang.Throwable
	at com.intellij.idea.IdeaLogger.error(IdeaLogger.java:130)
	at com.intellij.openapi.diagnostic.Logger.error(Logger.java:388)
	at com.jetbrains.rider.protocol.ReSharperProcessBase$start$processListener$1.processTerminated(ReSharperProcessBase.kt:558)
	at com.intellij.execution.process.ProcessHandler$2.processTerminated(ProcessHandler.java:262)
	at com.intellij.execution.process.ProcessHandler.lambda$notifyTerminated$2(ProcessHandler.java:207)
	at com.intellij.execution.process.ProcessHandler$TasksRunner.execute(ProcessHandler.java:325)
	at com.intellij.execution.process.ProcessHandler.notifyTerminated(ProcessHandler.java:190)
	at com.intellij.execution.process.ProcessHandler.notifyProcessTerminated(ProcessHandler.java:186)
	at com.intellij.execution.process.BaseProcessHandler.onOSProcessTerminated(BaseProcessHandler.java:59)
	at com.intellij.execution.process.BaseOSProcessHandler$1.lambda$startNotified$0(BaseOSProcessHandler.java:82)
	at com.intellij.execution.process.ProcessWaitFor.lambda$new$0(ProcessWaitFor.java:45)
	at com.intellij.util.ConcurrencyUtil.runUnderThreadName(ConcurrencyUtil.java:218)
	at com.intellij.execution.process.ProcessWaitFor.lambda$new$1(ProcessWaitFor.java:23)
	at java.base/java.util.concurrent.Executors$RunnableAdapter.call(Executors.java:539)
	at java.base/java.util.concurrent.FutureTask.run(FutureTask.java:264)
	at java.base/java.util.concurrent.ThreadPoolExecutor.runWorker(ThreadPoolExecutor.java:1136)
	at java.base/java.util.concurrent.ThreadPoolExecutor$Worker.run(ThreadPoolExecutor.java:635)
	at java.base/java.util.concurrent.Executors$PrivilegedThreadFactory$1$1.run(Executors.java:702)
	at java.base/java.util.concurrent.Executors$PrivilegedThreadFactory$1$1.run(Executors.java:699)
	at java.base/java.security.AccessController.doPrivileged(AccessController.java:399)
	at java.base/java.util.concurrent.Executors$PrivilegedThreadFactory$1.run(Executors.java:699)
	at java.base/java.lang.Thread.run(Thread.java:840)
]
